<?xml version="1.0" encoding="UTF-8"?>
<testng-results skipped="0" failed="1" ignored="0" total="5" passed="4">
  <reporter-output>
  </reporter-output>
  <suite name="Suite" duration-ms="56859" started-at="2021-01-07T13:57:28Z" finished-at="2021-01-07T13:58:25Z">
    <groups>
    </groups>
    <test name="Test" duration-ms="56859" started-at="2021-01-07T13:57:28Z" finished-at="2021-01-07T13:58:25Z">
      <class name="epam.FaceBookHome">
        <test-method status="PASS" signature="basePageNavigation(java.lang.String, java.lang.String)[pri:0, instance:epam.FaceBookHome@57baeedf]" name="basePageNavigation" duration-ms="10219" started-at="2021-01-07T13:57:29Z" data-provider="getLoginData" finished-at="2021-01-07T13:57:39Z">
          <params>
            <param index="0">
              <value>
                <![CDATA[firstusername@abc.com]]>
              </value>
            </param>
            <param index="1">
              <value>
                <![CDATA[F!rstP@ss123]]>
              </value>
            </param>
          </params>
          <reporter-output>
          </reporter-output>
        </test-method> <!-- basePageNavigation -->
        <test-method status="PASS" signature="shut()[pri:0, instance:epam.FaceBookHome@57baeedf]" name="shut" is-config="true" duration-ms="283" started-at="2021-01-07T13:57:39Z" finished-at="2021-01-07T13:57:39Z">
          <reporter-output>
          </reporter-output>
        </test-method> <!-- shut -->
        <test-method status="PASS" signature="basePageNavigation(java.lang.String, java.lang.String)[pri:0, instance:epam.FaceBookHome@57baeedf]" name="basePageNavigation" duration-ms="9264" started-at="2021-01-07T13:57:39Z" data-provider="getLoginData" finished-at="2021-01-07T13:57:49Z">
          <params>
            <param index="0">
              <value>
                <![CDATA[Secondusername]]>
              </value>
            </param>
            <param index="1">
              <value>
                <![CDATA[SecondP@$s89]]>
              </value>
            </param>
          </params>
          <reporter-output>
          </reporter-output>
        </test-method> <!-- basePageNavigation -->
        <test-method status="PASS" signature="shut()[pri:0, instance:epam.FaceBookHome@57baeedf]" name="shut" is-config="true" duration-ms="238" started-at="2021-01-07T13:57:49Z" finished-at="2021-01-07T13:57:49Z">
          <reporter-output>
          </reporter-output>
        </test-method> <!-- shut -->
        <test-method status="PASS" signature="basePageNavigation(java.lang.String, java.lang.String)[pri:0, instance:epam.FaceBookHome@57baeedf]" name="basePageNavigation" duration-ms="8271" started-at="2021-01-07T13:57:49Z" data-provider="getLoginData" finished-at="2021-01-07T13:57:57Z">
          <params>
            <param index="0">
              <value>
                <![CDATA[ThirdUsername.com]]>
              </value>
            </param>
            <param index="1">
              <value>
                <![CDATA[Th1rdPa$$789]]>
              </value>
            </param>
          </params>
          <reporter-output>
          </reporter-output>
        </test-method> <!-- basePageNavigation -->
        <test-method status="PASS" signature="shut()[pri:0, instance:epam.FaceBookHome@57baeedf]" name="shut" is-config="true" duration-ms="178" started-at="2021-01-07T13:57:57Z" finished-at="2021-01-07T13:57:57Z">
          <reporter-output>
          </reporter-output>
        </test-method> <!-- shut -->
      </class> <!-- epam.FaceBookHome -->
      <class name="epam.OtherFunctions">
        <test-method status="PASS" signature="windowOperations()[pri:0, instance:epam.OtherFunctions@53b32d7]" name="windowOperations" duration-ms="13848" started-at="2021-01-07T13:58:11Z" finished-at="2021-01-07T13:58:25Z">
          <reporter-output>
          </reporter-output>
        </test-method> <!-- windowOperations -->
        <test-method status="PASS" signature="shut()[pri:0, instance:epam.OtherFunctions@53b32d7]" name="shut" is-config="true" duration-ms="274" started-at="2021-01-07T13:58:25Z" finished-at="2021-01-07T13:58:25Z">
          <reporter-output>
          </reporter-output>
        </test-method> <!-- shut -->
      </class> <!-- epam.OtherFunctions -->
      <class name="epam.TheInternet">
        <test-method status="FAIL" signature="checkFluentWait()[pri:0, instance:epam.TheInternet@343f4d3d]" name="checkFluentWait" duration-ms="12712" started-at="2021-01-07T13:57:57Z" finished-at="2021-01-07T13:58:10Z">
          <exception class="java.lang.AssertionError">
            <message>
              <![CDATA[expected [false] but found [true]]]>
            </message>
            <full-stacktrace>
              <![CDATA[java.lang.AssertionError: expected [false] but found [true]
at org.testng.Assert.fail(Assert.java:96)
at org.testng.Assert.failNotEquals(Assert.java:776)
at org.testng.Assert.assertFalse(Assert.java:65)
at org.testng.Assert.assertFalse(Assert.java:75)
at epam.TheInternet.checkFluentWait(TheInternet.java:64)
at sun.reflect.NativeMethodAccessorImpl.invoke0(Native Method)
at sun.reflect.NativeMethodAccessorImpl.invoke(NativeMethodAccessorImpl.java:62)
at sun.reflect.DelegatingMethodAccessorImpl.invoke(DelegatingMethodAccessorImpl.java:43)
at java.lang.reflect.Method.invoke(Method.java:483)
at org.testng.internal.MethodInvocationHelper.invokeMethod(MethodInvocationHelper.java:124)
at org.testng.internal.Invoker.invokeMethod(Invoker.java:583)
at org.testng.internal.Invoker.invokeTestMethod(Invoker.java:719)
at org.testng.internal.Invoker.invokeTestMethods(Invoker.java:989)
at org.testng.internal.TestMethodWorker.invokeTestMethods(TestMethodWorker.java:125)
at org.testng.internal.TestMethodWorker.run(TestMethodWorker.java:109)
at org.testng.TestRunner.privateRun(TestRunner.java:648)
at org.testng.TestRunner.run(TestRunner.java:505)
at org.testng.SuiteRunner.runTest(SuiteRunner.java:455)
at org.testng.SuiteRunner.runSequentially(SuiteRunner.java:450)
at org.testng.SuiteRunner.privateRun(SuiteRunner.java:415)
at org.testng.SuiteRunner.run(SuiteRunner.java:364)
at org.testng.SuiteRunnerWorker.runSuite(SuiteRunnerWorker.java:52)
at org.testng.SuiteRunnerWorker.run(SuiteRunnerWorker.java:84)
at org.testng.TestNG.runSuitesSequentially(TestNG.java:1208)
at org.testng.TestNG.runSuitesLocally(TestNG.java:1137)
at org.testng.TestNG.runSuites(TestNG.java:1049)
at org.testng.TestNG.run(TestNG.java:1017)
at org.testng.remote.AbstractRemoteTestNG.run(AbstractRemoteTestNG.java:115)
at org.testng.remote.RemoteTestNG.initAndRun(RemoteTestNG.java:251)
at org.testng.remote.RemoteTestNG.main(RemoteTestNG.java:77)
]]>
            </full-stacktrace>
          </exception> <!-- java.lang.AssertionError -->
          <reporter-output>
          </reporter-output>
        </test-method> <!-- checkFluentWait -->
        <test-method status="PASS" signature="shut()[pri:0, instance:epam.TheInternet@343f4d3d]" name="shut" is-config="true" duration-ms="168" started-at="2021-01-07T13:58:11Z" finished-at="2021-01-07T13:58:11Z">
          <reporter-output>
          </reporter-output>
        </test-method> <!-- shut -->
      </class> <!-- epam.TheInternet -->
    </test> <!-- Test -->
  </suite> <!-- Suite -->
</testng-results>
